<?xml version="1.0" encoding="UTF-8"?>
<testsuite xmlns:xsi="http://www.w3.org/2001/XMLSchema-instance" xsi:noNamespaceSchemaLocation="https://maven.apache.org/surefire/maven-surefire-plugin/xsd/surefire-test-report.xsd" name="org.sonatype.mavenbook.custom.AppTest" time="0.018" tests="1" errors="0" skipped="0" failures="0">
  <properties>
    <property name="sun.desktop" value="windows"/>
    <property name="awt.toolkit" value="sun.awt.windows.WToolkit"/>
    <property name="file.encoding.pkg" value="sun.io"/>
    <property name="java.specification.version" value="1.8"/>
    <property name="sun.cpu.isalist" value="amd64"/>
    <property name="sun.jnu.encoding" value="Cp1252"/>
    <property name="java.class.path" value="D:\github_repository\intellij_workspace\simple-weather\target\test-classes;D:\github_repository\intellij_workspace\simple-weather\target\classes;C:\Users\Anoop\.m2\repository\junit\junit\4.11\junit-4.11.jar;C:\Users\Anoop\.m2\repository\org\hamcrest\hamcrest-core\1.3\hamcrest-core-1.3.jar;C:\Users\Anoop\.m2\repository\log4j\log4j\1.2.14\log4j-1.2.14.jar;C:\Users\Anoop\.m2\repository\dom4j\dom4j\1.6.1\dom4j-1.6.1.jar;C:\Users\Anoop\.m2\repository\xml-apis\xml-apis\1.0.b2\xml-apis-1.0.b2.jar;C:\Users\Anoop\.m2\repository\jaxen\jaxen\1.1.1\jaxen-1.1.1.jar;C:\Users\Anoop\.m2\repository\jdom\jdom\1.0\jdom-1.0.jar;C:\Users\Anoop\.m2\repository\xerces\xercesImpl\2.6.2\xercesImpl-2.6.2.jar;C:\Users\Anoop\.m2\repository\xom\xom\1.0\xom-1.0.jar;C:\Users\Anoop\.m2\repository\xerces\xmlParserAPIs\2.6.2\xmlParserAPIs-2.6.2.jar;C:\Users\Anoop\.m2\repository\xalan\xalan\2.6.0\xalan-2.6.0.jar;C:\Users\Anoop\.m2\repository\com\ibm\icu\icu4j\2.6.1\icu4j-2.6.1.jar;C:\Users\Anoop\.m2\repository\velocity\velocity\1.5\velocity-1.5.jar;C:\Users\Anoop\.m2\repository\commons-collections\commons-collections\3.1\commons-collections-3.1.jar;C:\Users\Anoop\.m2\repository\commons-lang\commons-lang\2.1\commons-lang-2.1.jar;C:\Users\Anoop\.m2\repository\oro\oro\2.0.8\oro-2.0.8.jar;"/>
    <property name="java.vm.vendor" value="Oracle Corporation"/>
    <property name="sun.arch.data.model" value="64"/>
    <property name="user.variant" value=""/>
    <property name="java.vendor.url" value="http://java.oracle.com/"/>
    <property name="user.timezone" value="America/New_York"/>
    <property name="java.vm.specification.version" value="1.8"/>
    <property name="os.name" value="Windows 10"/>
    <property name="user.country" value="US"/>
    <property name="sun.java.launcher" value="SUN_STANDARD"/>
    <property name="sun.boot.library.path" value="C:\Program Files\Java\jdk1.8.0_331\jre\bin"/>
    <property name="sun.java.command" value="C:\Users\Anoop\AppData\Local\Temp\surefire4014612453229522890\surefirebooter7709754321701107848.jar C:\Users\Anoop\AppData\Local\Temp\surefire4014612453229522890 2022-11-17T01-31-39_715-jvmRun1 surefire4882334695038091861tmp surefire_0833039183597950047tmp"/>
    <property name="surefire.test.class.path" value="D:\github_repository\intellij_workspace\simple-weather\target\test-classes;D:\github_repository\intellij_workspace\simple-weather\target\classes;C:\Users\Anoop\.m2\repository\junit\junit\4.11\junit-4.11.jar;C:\Users\Anoop\.m2\repository\org\hamcrest\hamcrest-core\1.3\hamcrest-core-1.3.jar;C:\Users\Anoop\.m2\repository\log4j\log4j\1.2.14\log4j-1.2.14.jar;C:\Users\Anoop\.m2\repository\dom4j\dom4j\1.6.1\dom4j-1.6.1.jar;C:\Users\Anoop\.m2\repository\xml-apis\xml-apis\1.0.b2\xml-apis-1.0.b2.jar;C:\Users\Anoop\.m2\repository\jaxen\jaxen\1.1.1\jaxen-1.1.1.jar;C:\Users\Anoop\.m2\repository\jdom\jdom\1.0\jdom-1.0.jar;C:\Users\Anoop\.m2\repository\xerces\xercesImpl\2.6.2\xercesImpl-2.6.2.jar;C:\Users\Anoop\.m2\repository\xom\xom\1.0\xom-1.0.jar;C:\Users\Anoop\.m2\repository\xerces\xmlParserAPIs\2.6.2\xmlParserAPIs-2.6.2.jar;C:\Users\Anoop\.m2\repository\xalan\xalan\2.6.0\xalan-2.6.0.jar;C:\Users\Anoop\.m2\repository\com\ibm\icu\icu4j\2.6.1\icu4j-2.6.1.jar;C:\Users\Anoop\.m2\repository\velocity\velocity\1.5\velocity-1.5.jar;C:\Users\Anoop\.m2\repository\commons-collections\commons-collections\3.1\commons-collections-3.1.jar;C:\Users\Anoop\.m2\repository\commons-lang\commons-lang\2.1\commons-lang-2.1.jar;C:\Users\Anoop\.m2\repository\oro\oro\2.0.8\oro-2.0.8.jar;"/>
    <property name="sun.cpu.endian" value="little"/>
    <property name="user.home" value="C:\Users\Anoop"/>
    <property name="user.language" value="en"/>
    <property name="java.specification.vendor" value="Oracle Corporation"/>
    <property name="java.home" value="C:\Program Files\Java\jdk1.8.0_331\jre"/>
    <property name="basedir" value="D:\github_repository\intellij_workspace\simple-weather"/>
    <property name="file.separator" value="\"/>
    <property name="line.separator" value="&#10;"/>
    <property name="java.vm.specification.vendor" value="Oracle Corporation"/>
    <property name="java.specification.name" value="Java Platform API Specification"/>
    <property name="java.awt.graphicsenv" value="sun.awt.Win32GraphicsEnvironment"/>
    <property name="surefire.real.class.path" value="C:\Users\Anoop\AppData\Local\Temp\surefire4014612453229522890\surefirebooter7709754321701107848.jar"/>
    <property name="sun.boot.class.path" value="C:\Program Files\Java\jdk1.8.0_331\jre\lib\resources.jar;C:\Program Files\Java\jdk1.8.0_331\jre\lib\rt.jar;C:\Program Files\Java\jdk1.8.0_331\jre\lib\sunrsasign.jar;C:\Program Files\Java\jdk1.8.0_331\jre\lib\jsse.jar;C:\Program Files\Java\jdk1.8.0_331\jre\lib\jce.jar;C:\Program Files\Java\jdk1.8.0_331\jre\lib\charsets.jar;C:\Program Files\Java\jdk1.8.0_331\jre\lib\jfr.jar;C:\Program Files\Java\jdk1.8.0_331\jre\classes"/>
    <property name="user.script" value=""/>
    <property name="sun.management.compiler" value="HotSpot 64-Bit Tiered Compilers"/>
    <property name="java.runtime.version" value="1.8.0_331-b09"/>
    <property name="user.name" value="Anoop"/>
    <property name="path.separator" value=";"/>
    <property name="os.version" value="10.0"/>
    <property name="java.endorsed.dirs" value="C:\Program Files\Java\jdk1.8.0_331\jre\lib\endorsed"/>
    <property name="java.runtime.name" value="Java(TM) SE Runtime Environment"/>
    <property name="file.encoding" value="Cp1252"/>
    <property name="java.vm.name" value="Java HotSpot(TM) 64-Bit Server VM"/>
    <property name="skipTests" value="false"/>
    <property name="localRepository" value="C:\Users\Anoop\.m2\repository"/>
    <property name="java.vendor.url.bug" value="http://bugreport.sun.com/bugreport/"/>
    <property name="java.io.tmpdir" value="C:\Users\Anoop\AppData\Local\Temp\"/>
    <property name="java.version" value="1.8.0_331"/>
    <property name="user.dir" value="D:\github_repository\intellij_workspace\simple-weather"/>
    <property name="os.arch" value="amd64"/>
    <property name="java.vm.specification.name" value="Java Virtual Machine Specification"/>
    <property name="java.awt.printerjob" value="sun.awt.windows.WPrinterJob"/>
    <property name="sun.os.patch.level" value=""/>
    <property name="java.library.path" value="C:\Program Files\Java\jdk1.8.0_331\jre\bin;C:\Windows\Sun\Java\bin;C:\Windows\system32;C:\Windows;C:\Users\Anoop\bin;C:\Program Files\Git\mingw64\bin;C:\Program Files\Git\usr\local\bin;C:\Program Files\Git\usr\bin;C:\Program Files\Git\usr\bin;C:\Program Files\Git\mingw64\bin;C:\Program Files\Git\usr\bin;C:\Users\Anoop\bin;D:\Users\Anoop\AppData\Local\Programs\Python\Python310\Scripts;D:\Users\Anoop\AppData\Local\Programs\Python\Python310;C:\Program Files\Common Files\Oracle\Java\javapath;C:\Windows\system32;C:\Windows;C:\Windows\System32\Wbem;C:\Windows\System32\WindowsPowerShell\v1.0;C:\Windows\System32\OpenSSH;C:\Program Files\NVIDIA Corporation\NVIDIA NvDLISR;C:\Program Files (x86)\NVIDIA Corporation\PhysX\Common;D:\apache-maven-3.8.5\bin;D:\Program Files\TortoiseGit\bin;C:\Program Files\dotnet;C:\Program Files\Microsoft SQL Server\130\Tools\Binn;C:\Program Files\Microsoft SQL Server\Client SDK\ODBC\170\Tools\Binn;D:\Program Files\010 Editor;D:\Program Files (x86)\WinSCP;D:\Program Files\WinMerge;C:\Program Files (x86)\dotnet;D:\Program Files\PostgreSQL\14\bin;C:\Program Files\Docker\Docker\resources\bin;C:\Program Files\Git\cmd;C:\Program Files\MySQL\MySQL Shell 8.0\bin;C:\Users\Anoop\AppData\Local\Microsoft\WindowsApps;C:\Program Files\Java\jdk1.8.0_331\bin;D:\apache-ant-1.10.5\bin;D:\apache-maven-3.8.5\bin;D:\apache-maven-3.8.5\bin;C:\Users\Anoop\.dotnet\tools;D:\Program Files\JetBrains\IntelliJ IDEA 2020.1\bin;D:\sb_cli_release\spring-2.3.9.RELEASE\bin;D:\Users\Anoop\AppData\Local\Programs\Azure Data Studio\bin;D:\Program Files\PostgreSQL\14\bin;D:\Users\Anoop\AppData\Local\Programs\Microsoft VS Code\bin;C:\Program Files\Git\usr\bin\vendor_perl;C:\Program Files\Git\usr\bin\core_perl;."/>
    <property name="java.vm.info" value="mixed mode"/>
    <property name="java.vendor" value="Oracle Corporation"/>
    <property name="java.vm.version" value="25.331-b09"/>
    <property name="java.ext.dirs" value="C:\Program Files\Java\jdk1.8.0_331\jre\lib\ext;C:\Windows\Sun\Java\lib\ext"/>
    <property name="sun.io.unicode.encoding" value="UnicodeLittle"/>
    <property name="java.class.version" value="52.0"/>
  </properties>
  <testcase name="shouldAnswerWithTrue" classname="org.sonatype.mavenbook.custom.AppTest" time="0.001"/>
</testsuite>